c:\level-up\c lesson-level up\source\repos\18_19.9.2022\bintree\bintree\x64\debug\vc143.pdb
c:\level-up\c lesson-level up\source\repos\18_19.9.2022\bintree\bintree\x64\debug\vc143.idb
c:\level-up\c lesson-level up\source\repos\18_19.9.2022\bintree\bintree\x64\debug\recursion.obj
c:\level-up\c lesson-level up\source\repos\18_19.9.2022\bintree\bintree\x64\debug\bintree2_recursion.obj
c:\level-up\c lesson-level up\source\repos\18_19.9.2022\bintree\bintree\x64\debug\parsing.obj
c:\level-up\c lesson-level up\source\repos\18_19.9.2022\bintree\bintree\x64\debug\log.obj
c:\level-up\c lesson-level up\source\repos\18_19.9.2022\bintree\bintree\x64\debug\bintree.obj
c:\level-up\c lesson-level up\source\repos\18_19.9.2022\bintree\x64\debug\bintree.pdb
c:\level-up\c lesson-level up\source\repos\18_19.9.2022\bintree\bintree\x64\debug\bintree.tlog\cl.command.1.tlog
c:\level-up\c lesson-level up\source\repos\18_19.9.2022\bintree\bintree\x64\debug\bintree.tlog\cl.read.1.tlog
c:\level-up\c lesson-level up\source\repos\18_19.9.2022\bintree\bintree\x64\debug\bintree.tlog\cl.write.1.tlog
c:\level-up\c lesson-level up\source\repos\18_19.9.2022\bintree\bintree\x64\debug\bintree.tlog\link.66332-cvtres.read.1.tlog
c:\level-up\c lesson-level up\source\repos\18_19.9.2022\bintree\bintree\x64\debug\bintree.tlog\link.66332-cvtres.write.1.tlog
c:\level-up\c lesson-level up\source\repos\18_19.9.2022\bintree\bintree\x64\debug\bintree.tlog\link.66332-rc.read.1.tlog
c:\level-up\c lesson-level up\source\repos\18_19.9.2022\bintree\bintree\x64\debug\bintree.tlog\link.66332-rc.write.1.tlog
c:\level-up\c lesson-level up\source\repos\18_19.9.2022\bintree\bintree\x64\debug\bintree.tlog\link.66332.read.1.tlog
c:\level-up\c lesson-level up\source\repos\18_19.9.2022\bintree\bintree\x64\debug\bintree.tlog\link.66332.read.2.tlog
c:\level-up\c lesson-level up\source\repos\18_19.9.2022\bintree\bintree\x64\debug\bintree.tlog\link.66332.write.1.tlog
c:\level-up\c lesson-level up\source\repos\18_19.9.2022\bintree\bintree\x64\debug\bintree.tlog\link.command.1.tlog
c:\level-up\c lesson-level up\source\repos\18_19.9.2022\bintree\bintree\x64\debug\bintree.tlog\link.read.1.tlog
c:\level-up\c lesson-level up\source\repos\18_19.9.2022\bintree\bintree\x64\debug\bintree.tlog\link.write.1.tlog
