c:\level-up\c lesson-level up\source\repos\7.9.2022\header_file\header_file\x64\debug\vc143.pdb
c:\level-up\c lesson-level up\source\repos\7.9.2022\header_file\header_file\x64\debug\vc143.idb
c:\level-up\c lesson-level up\source\repos\7.9.2022\header_file\header_file\x64\debug\yarinproject.obj
c:\level-up\c lesson-level up\source\repos\7.9.2022\header_file\header_file\x64\debug\source123_continiu.obj
c:\level-up\c lesson-level up\source\repos\7.9.2022\header_file\header_file\x64\debug\source123.obj
c:\level-up\c lesson-level up\source\repos\7.9.2022\header_file\header_file\x64\debug\source.obj
c:\level-up\c lesson-level up\source\repos\7.9.2022\header_file\header_file\x64\debug\header_file.obj
c:\level-up\c lesson-level up\source\repos\7.9.2022\header_file\header_file\x64\debug\dictionary.obj
c:\level-up\c lesson-level up\source\repos\7.9.2022\header_file\x64\debug\header_file.pdb
c:\level-up\c lesson-level up\source\repos\7.9.2022\header_file\header_file\x64\debug\header_file.tlog\cl.command.1.tlog
c:\level-up\c lesson-level up\source\repos\7.9.2022\header_file\header_file\x64\debug\header_file.tlog\cl.read.1.tlog
c:\level-up\c lesson-level up\source\repos\7.9.2022\header_file\header_file\x64\debug\header_file.tlog\cl.write.1.tlog
c:\level-up\c lesson-level up\source\repos\7.9.2022\header_file\header_file\x64\debug\header_file.tlog\link-cvtres.read.1.tlog
c:\level-up\c lesson-level up\source\repos\7.9.2022\header_file\header_file\x64\debug\header_file.tlog\link-cvtres.write.1.tlog
c:\level-up\c lesson-level up\source\repos\7.9.2022\header_file\header_file\x64\debug\header_file.tlog\link-rc.read.1.tlog
c:\level-up\c lesson-level up\source\repos\7.9.2022\header_file\header_file\x64\debug\header_file.tlog\link-rc.write.1.tlog
c:\level-up\c lesson-level up\source\repos\7.9.2022\header_file\header_file\x64\debug\header_file.tlog\link.command.1.tlog
c:\level-up\c lesson-level up\source\repos\7.9.2022\header_file\header_file\x64\debug\header_file.tlog\link.read.1.tlog
c:\level-up\c lesson-level up\source\repos\7.9.2022\header_file\header_file\x64\debug\header_file.tlog\link.read.2.tlog
c:\level-up\c lesson-level up\source\repos\7.9.2022\header_file\header_file\x64\debug\header_file.tlog\link.write.1.tlog
