c:\level-up\c lesson-level up\source\repos\22.9.2022\projeckt_snapshot_yoni\projeckt_snapshot_yoni\x64\debug\vc143.pdb
c:\level-up\c lesson-level up\source\repos\22.9.2022\projeckt_snapshot_yoni\projeckt_snapshot_yoni\x64\debug\vc143.idb
c:\level-up\c lesson-level up\source\repos\22.9.2022\projeckt_snapshot_yoni\projeckt_snapshot_yoni\x64\debug\main.obj
c:\level-up\c lesson-level up\source\repos\22.9.2022\projeckt_snapshot_yoni\projeckt_snapshot_yoni\x64\debug\log.obj
c:\level-up\c lesson-level up\source\repos\22.9.2022\projeckt_snapshot_yoni\projeckt_snapshot_yoni\x64\debug\html.obj
c:\level-up\c lesson-level up\source\repos\22.9.2022\projeckt_snapshot_yoni\projeckt_snapshot_yoni\x64\debug\files.obj
c:\level-up\c lesson-level up\source\repos\22.9.2022\projeckt_snapshot_yoni\projeckt_snapshot_yoni\x64\debug\data_base_snapshot.obj
c:\level-up\c lesson-level up\source\repos\22.9.2022\projeckt_snapshot_yoni\projeckt_snapshot_yoni\x64\debug\back_up_project.obj
c:\level-up\c lesson-level up\source\repos\22.9.2022\projeckt_snapshot_yoni\x64\debug\projeckt_snapshot_yoni.pdb
c:\level-up\c lesson-level up\source\repos\22.9.2022\projeckt_snapshot_yoni\projeckt_snapshot_yoni\x64\debug\projeckt.eb717fee.tlog\cl.command.1.tlog
c:\level-up\c lesson-level up\source\repos\22.9.2022\projeckt_snapshot_yoni\projeckt_snapshot_yoni\x64\debug\projeckt.eb717fee.tlog\cl.read.1.tlog
c:\level-up\c lesson-level up\source\repos\22.9.2022\projeckt_snapshot_yoni\projeckt_snapshot_yoni\x64\debug\projeckt.eb717fee.tlog\cl.write.1.tlog
c:\level-up\c lesson-level up\source\repos\22.9.2022\projeckt_snapshot_yoni\projeckt_snapshot_yoni\x64\debug\projeckt.eb717fee.tlog\link-cvtres.read.1.tlog
c:\level-up\c lesson-level up\source\repos\22.9.2022\projeckt_snapshot_yoni\projeckt_snapshot_yoni\x64\debug\projeckt.eb717fee.tlog\link-cvtres.write.1.tlog
c:\level-up\c lesson-level up\source\repos\22.9.2022\projeckt_snapshot_yoni\projeckt_snapshot_yoni\x64\debug\projeckt.eb717fee.tlog\link-rc.read.1.tlog
c:\level-up\c lesson-level up\source\repos\22.9.2022\projeckt_snapshot_yoni\projeckt_snapshot_yoni\x64\debug\projeckt.eb717fee.tlog\link-rc.write.1.tlog
c:\level-up\c lesson-level up\source\repos\22.9.2022\projeckt_snapshot_yoni\projeckt_snapshot_yoni\x64\debug\projeckt.eb717fee.tlog\link.command.1.tlog
c:\level-up\c lesson-level up\source\repos\22.9.2022\projeckt_snapshot_yoni\projeckt_snapshot_yoni\x64\debug\projeckt.eb717fee.tlog\link.read.1.tlog
c:\level-up\c lesson-level up\source\repos\22.9.2022\projeckt_snapshot_yoni\projeckt_snapshot_yoni\x64\debug\projeckt.eb717fee.tlog\link.read.2.tlog
c:\level-up\c lesson-level up\source\repos\22.9.2022\projeckt_snapshot_yoni\projeckt_snapshot_yoni\x64\debug\projeckt.eb717fee.tlog\link.write.1.tlog
